09:41:58 **** Rebuild of configuration Debug for project basic_exercise ****
Info: Internal Builder is used for build
g++ -O0 -g3 -Wall -c -fmessage-length=0 -o "src\\basic_exercise.o" "..\\src\\basic_exercise.cpp" 
..\src\basic_exercise.cpp: In function 'void xuanze(int*)':
..\src\basic_exercise.cpp:19:13: error: array must be initialized with a brace-enclosed initializer
  int b[100]=a;
             ^
..\src\basic_exercise.cpp: In function 'void maopao(int*)':
..\src\basic_exercise.cpp:36:13: error: array must be initialized with a brace-enclosed initializer
  int b[100]=a;
             ^
..\src\basic_exercise.cpp:40:9: warning: unused variable 'tmp' [-Wunused-variable]
     int tmp=b[j];
         ^
09:43:32 **** Incremental Build of configuration Debug for project basic_exercise ****
Info: Internal Builder is used for build
g++ -O0 -g3 -Wall -c -fmessage-length=0 -o "src\\basic_exercise.o" "..\\src\\basic_exercise.cpp" 
..\src\basic_exercise.cpp: In function 'void xuanze(int*)':
..\src\basic_exercise.cpp:19:13: error: array must be initialized with a brace-enclosed initializer
  int b[100]=a;
             ^
..\src\basic_exercise.cpp: In function 'void maopao(int*)':
..\src\basic_exercise.cpp:36:13: error: array must be initialized with a brace-enclosed initializer
  int b[100]=a;
             ^
..\src\basic_exercise.cpp:40:9: warning: unused variable 'tmp' [-Wunused-variable]
     int tmp=b[j];
         ^
09:43:45 **** Incremental Build of configuration Debug for project basic_exercise ****
Info: Internal Builder is used for build
g++ -O0 -g3 -Wall -c -fmessage-length=0 -o "src\\basic_exercise.o" "..\\src\\basic_exercise.cpp" 
..\src\basic_exercise.cpp: In function 'void maopao(int*)':
..\src\basic_exercise.cpp:40:9: warning: unused variable 'tmp' [-Wunused-variable]
     int tmp=b[j];
         ^
g++ -o basic_exercise.exe "src\\basic_exercise.o" 
Info: Nothing to build for basic_exercise
09:46:31 **** Incremental Build of configuration Debug for project basic_exercise ****
Info: Internal Builder is used for build
g++ -O0 -g3 -Wall -c -fmessage-length=0 -o "src\\basic_exercise.o" "..\\src\\basic_exercise.cpp" 
..\src\basic_exercise.cpp: In function 'void xuanze(int*)':
..\src\basic_exercise.cpp:30:9: error: 'b' was not declared in this scope
   cout<<b[i]<<" ";
         ^
..\src\basic_exercise.cpp: In function 'void maopao(int*)':
..\src\basic_exercise.cpp:40:9: warning: unused variable 'tmp' [-Wunused-variable]
     int tmp=a[j];
         ^
09:46:40 **** Incremental Build of configuration Debug for project basic_exercise ****
Info: Internal Builder is used for build
g++ -O0 -g3 -Wall -c -fmessage-length=0 -o "src\\basic_exercise.o" "..\\src\\basic_exercise.cpp" 
..\src\basic_exercise.cpp: In function 'void maopao(int*)':
..\src\basic_exercise.cpp:40:9: warning: unused variable 'tmp' [-Wunused-variable]
     int tmp=a[j];
         ^
g++ -o basic_exercise.exe "src\\basic_exercise.o" 
09:47:35 **** Incremental Build of configuration Debug for project basic_exercise ****
Info: Internal Builder is used for build
g++ -O0 -g3 -Wall -c -fmessage-length=0 -o "src\\basic_exercise.o" "..\\src\\basic_exercise.cpp" 
..\src\basic_exercise.cpp: In function 'void maopao(int*)':
..\src\basic_exercise.cpp:40:9: warning: unused variable 'tmp' [-Wunused-variable]
     int tmp=a[j];
         ^
g++ -o basic_exercise.exe "src\\basic_exercise.o" 
09:48:08 **** Incremental Build of configuration Debug for project basic_exercise ****
Info: Internal Builder is used for build
g++ -O0 -g3 -Wall -c -fmessage-length=0 -o "src\\basic_exercise.o" "..\\src\\basic_exercise.cpp" 
..\src\basic_exercise.cpp: In function 'void maopao(int*)':
..\src\basic_exercise.cpp:40:9: warning: unused variable 'tmp' [-Wunused-variable]
     int tmp=a[j];
         ^
g++ -o basic_exercise.exe "src\\basic_exercise.o" 
09:51:31 **** Incremental Build of configuration Debug for project basic_exercise ****
Info: Internal Builder is used for build
g++ -O0 -g3 -Wall -c -fmessage-length=0 -o "src\\basic_exercise.o" "..\\src\\basic_exercise.cpp" 
g++ -o basic_exercise.exe "src\\basic_exercise.o" 
Info: Nothing to build for basic_exercise
09:52:04 **** Incremental Build of configuration Debug for project basic_exercise ****
Info: Internal Builder is used for build
g++ -O0 -g3 -Wall -c -fmessage-length=0 -o "src\\basic_exercise.o" "..\\src\\basic_exercise.cpp" 
g++ -o basic_exercise.exe "src\\basic_exercise.o" 
10:10:59 **** Incremental Build of configuration Debug for project basic_exercise ****
Info: Internal Builder is used for build
g++ -O0 -g3 -Wall -c -fmessage-length=0 -o "src\\basic_exercise.o" "..\\src\\basic_exercise.cpp" 
..\src\basic_exercise.cpp: In function 'void quicksort(int*, int, int)':
..\src\basic_exercise.cpp:23:11: warning: suggest parentheses around comparison in operand of '&' [-Wparentheses]
    if(a[x]<a[j+x]&a[0]>a[j+x+1]){
           ^
..\src\basic_exercise.cpp:21:7: warning: unused variable 'tmp' [-Wunused-variable]
   int tmp=a[x];
       ^
g++ -o basic_exercise.exe "src\\basic_exercise.o" 
10:12:07 **** Incremental Build of configuration Debug for project basic_exercise ****
Info: Internal Builder is used for build
g++ -O0 -g3 -Wall -c -fmessage-length=0 -o "src\\basic_exercise.o" "..\\src\\basic_exercise.cpp" 
..\src\basic_exercise.cpp: In function 'void quicksort(int*, int, int)':
..\src\basic_exercise.cpp:23:11: warning: suggest parentheses around comparison in operand of '&' [-Wparentheses]
    if(a[x]<a[j+x]&a[0]>a[j+x+1]){
           ^
..\src\basic_exercise.cpp:21:7: warning: unused variable 'tmp' [-Wunused-variable]
   int tmp=a[x];
       ^
..\src\basic_exercise.cpp: In function 'void maopao(int*)':
..\src\basic_exercise.cpp:68:18: error: 'prinff' was not declared in this scope
   prinff("%s"," ")
                  ^
10:12:11 **** Incremental Build of configuration Debug for project basic_exercise ****
Info: Internal Builder is used for build
g++ -O0 -g3 -Wall -c -fmessage-length=0 -o "src\\basic_exercise.o" "..\\src\\basic_exercise.cpp" 
..\src\basic_exercise.cpp: In function 'void quicksort(int*, int, int)':
..\src\basic_exercise.cpp:23:11: warning: suggest parentheses around comparison in operand of '&' [-Wparentheses]
    if(a[x]<a[j+x]&a[0]>a[j+x+1]){
           ^
..\src\basic_exercise.cpp:21:7: warning: unused variable 'tmp' [-Wunused-variable]
   int tmp=a[x];
       ^
..\src\basic_exercise.cpp: In function 'void maopao(int*)':
..\src\basic_exercise.cpp:68:18: error: 'prinff' was not declared in this scope
   prinff("%s"," ");
                  ^
10:12:19 **** Incremental Build of configuration Debug for project basic_exercise ****
Info: Internal Builder is used for build
g++ -O0 -g3 -Wall -c -fmessage-length=0 -o "src\\basic_exercise.o" "..\\src\\basic_exercise.cpp" 
..\src\basic_exercise.cpp: In function 'void quicksort(int*, int, int)':
..\src\basic_exercise.cpp:23:11: warning: suggest parentheses around comparison in operand of '&' [-Wparentheses]
    if(a[x]<a[j+x]&a[0]>a[j+x+1]){
           ^
..\src\basic_exercise.cpp:21:7: warning: unused variable 'tmp' [-Wunused-variable]
   int tmp=a[x];
       ^
g++ -o basic_exercise.exe "src\\basic_exercise.o" 
c:/mingw/bin/../lib/gcc/mingw32/5.3.0/../../../../mingw32/bin/ld.exe: cannot open output file basic_exercise.exe: Permission denied
collect2.exe: error: ld returned 1 exit status
10:12:24 **** Incremental Build of configuration Debug for project basic_exercise ****
Info: Internal Builder is used for build
g++ -o basic_exercise.exe "src\\basic_exercise.o" 
c:/mingw/bin/../lib/gcc/mingw32/5.3.0/../../../../mingw32/bin/ld.exe: cannot open output file basic_exercise.exe: Permission denied
collect2.exe: error: ld returned 1 exit status
10:12:28 **** Incremental Build of configuration Debug for project basic_exercise ****
Info: Internal Builder is used for build
g++ -o basic_exercise.exe "src\\basic_exercise.o" 
c:/mingw/bin/../lib/gcc/mingw32/5.3.0/../../../../mingw32/bin/ld.exe: cannot open output file basic_exercise.exe: Permission denied
collect2.exe: error: ld returned 1 exit status
10:12:37 **** Incremental Build of configuration Debug for project basic_exercise ****
Info: Internal Builder is used for build
g++ -O0 -g3 -Wall -c -fmessage-length=0 -o "src\\basic_exercise.o" "..\\src\\basic_exercise.cpp" 
..\src\basic_exercise.cpp: In function 'void quicksort(int*, int, int)':
..\src\basic_exercise.cpp:23:11: warning: suggest parentheses around comparison in operand of '&' [-Wparentheses]
    if(a[x]<a[j+x]&a[0]>a[j+x+1]){
           ^
..\src\basic_exercise.cpp:21:7: warning: unused variable 'tmp' [-Wunused-variable]
   int tmp=a[x];
       ^
..\src\basic_exercise.cpp: In function 'void maopao(int*)':
..\src\basic_exercise.cpp:68:18: warning: format '%s' expects argument of type 'char*', but argument 2 has type 'int' [-Wformat=]
   printf("%s",' ');
                  ^
g++ -o basic_exercise.exe "src\\basic_exercise.o" 
c:/mingw/bin/../lib/gcc/mingw32/5.3.0/../../../../mingw32/bin/ld.exe: cannot open output file basic_exercise.exe: Permission denied
collect2.exe: error: ld returned 1 exit status
10:12:40 **** Incremental Build of configuration Debug for project basic_exercise ****
Info: Internal Builder is used for build
g++ -o basic_exercise.exe "src\\basic_exercise.o" 
c:/mingw/bin/../lib/gcc/mingw32/5.3.0/../../../../mingw32/bin/ld.exe: cannot open output file basic_exercise.exe: Permission denied
collect2.exe: error: ld returned 1 exit status
10:13:25 **** Incremental Build of configuration Debug for project basic_exercise ****
Info: Internal Builder is used for build
g++ -O0 -g3 -Wall -c -fmessage-length=0 -o "src\\basic_exercise.o" "..\\src\\basic_exercise.cpp" 
..\src\basic_exercise.cpp: In function 'void quicksort(int*, int, int)':
..\src\basic_exercise.cpp:23:11: warning: suggest parentheses around comparison in operand of '&' [-Wparentheses]
    if(a[x]<a[j+x]&a[0]>a[j+x+1]){
           ^
..\src\basic_exercise.cpp:21:7: warning: unused variable 'tmp' [-Wunused-variable]
   int tmp=a[x];
       ^
g++ -o basic_exercise.exe "src\\basic_exercise.o" 
c:/mingw/bin/../lib/gcc/mingw32/5.3.0/../../../../mingw32/bin/ld.exe: cannot open output file basic_exercise.exe: Permission denied
collect2.exe: error: ld returned 1 exit status
10:13:32 **** Incremental Build of configuration Debug for project basic_exercise ****
Info: Internal Builder is used for build
g++ -o basic_exercise.exe "src\\basic_exercise.o" 
c:/mingw/bin/../lib/gcc/mingw32/5.3.0/../../../../mingw32/bin/ld.exe: cannot open output file basic_exercise.exe: Permission denied
collect2.exe: error: ld returned 1 exit status
10:13:54 **** Incremental Build of configuration Debug for project basic_exercise ****
Info: Internal Builder is used for build
g++ -O0 -g3 -Wall -c -fmessage-length=0 -o "src\\basic_exercise.o" "..\\src\\basic_exercise.cpp" 
..\src\basic_exercise.cpp: In function 'void quicksort(int*, int, int)':
..\src\basic_exercise.cpp:23:11: warning: suggest parentheses around comparison in operand of '&' [-Wparentheses]
    if(a[x]<a[j+x]&a[0]>a[j+x+1]){
           ^
..\src\basic_exercise.cpp:21:7: warning: unused variable 'tmp' [-Wunused-variable]
   int tmp=a[x];
       ^
g++ -o basic_exercise.exe "src\\basic_exercise.o" 
23:16:01 **** Rebuild of configuration Debug for project basic_exercise ****
Info: Internal Builder is used for build
g++ -O0 -g3 -Wall -c -fmessage-length=0 -o "src\\basic_exercise.o" "..\\src\\basic_exercise.cpp" 
..\src\basic_exercise.cpp: In function 'void quicksort(int*, int, int)':
..\src\basic_exercise.cpp:25:11: warning: suggest parentheses around comparison in operand of '&' [-Wparentheses]
    if(a[x]<a[j+x]&a[0]>a[j+x+1]){
           ^
..\src\basic_exercise.cpp:23:7: warning: unused variable 'tmp' [-Wunused-variable]
   int tmp=a[x];
       ^
g++ -o basic_exercise.exe "src\\basic_exercise.o" 
23:16:05 **** Rebuild of configuration Debug for project queue_stack_ex1 ****
Info: Internal Builder is used for build
g++ -O0 -g3 -Wall -c -fmessage-length=0 -o "src\\queue_stack_ex1.o" "..\\src\\queue_stack_ex1.cpp" 
..\src\queue_stack_ex1.cpp: In function 'void card_game()':
..\src\queue_stack_ex1.cpp:39:22: warning: for increment expression has no effect [-Wunused-value]
     for(int j=x;j++;j<=tmp){
                      ^
..\src\queue_stack_ex1.cpp:56:22: warning: for increment expression has no effect [-Wunused-value]
     for(int j=x;j++;j<=top){
                      ^
..\src\queue_stack_ex1.cpp:52:7: warning: unused variable 'y' [-Wunused-variable]
   int y=b.front();
       ^
g++ -o queue_stack_ex1.exe "src\\queue_stack_ex1.o" 
23:17:34 **** Incremental Build of configuration Debug for project queue_stack_ex1 ****
Info: Internal Builder is used for build
g++ -O0 -g3 -Wall -c -fmessage-length=0 -o "src\\queue_stack_ex1.o" "..\\src\\queue_stack_ex1.cpp" 
..\src\queue_stack_ex1.cpp: In function 'void card_game()':
..\src\queue_stack_ex1.cpp:39:22: warning: for increment expression has no effect [-Wunused-value]
     for(int j=x;j++;j<=tmp){
                      ^
..\src\queue_stack_ex1.cpp:56:22: warning: for increment expression has no effect [-Wunused-value]
     for(int j=x;j++;j<=top){
                      ^
..\src\queue_stack_ex1.cpp:52:7: warning: unused variable 'y' [-Wunused-variable]
   int y=b.front();
       ^
g++ -o queue_stack_ex1.exe "src\\queue_stack_ex1.o" 
23:18:53 **** Incremental Build of configuration Debug for project queue_stack_ex1 ****
Info: Internal Builder is used for build
g++ -O0 -g3 -Wall -c -fmessage-length=0 -o "src\\queue_stack_ex1.o" "..\\src\\queue_stack_ex1.cpp" 
..\src\queue_stack_ex1.cpp: In function 'void card_game()':
..\src\queue_stack_ex1.cpp:39:22: warning: for increment expression has no effect [-Wunused-value]
     for(int j=x;j++;j<=tmp){
                      ^
..\src\queue_stack_ex1.cpp:56:22: warning: for increment expression has no effect [-Wunused-value]
     for(int j=x;j++;j<=top){
                      ^
..\src\queue_stack_ex1.cpp:52:7: warning: unused variable 'y' [-Wunused-variable]
   int y=b.front();
       ^
g++ -o queue_stack_ex1.exe "src\\queue_stack_ex1.o" 
23:20:14 **** Incremental Build of configuration Debug for project queue_stack_ex1 ****
Info: Internal Builder is used for build
g++ -O0 -g3 -Wall -c -fmessage-length=0 -o "src\\queue_stack_ex1.o" "..\\src\\queue_stack_ex1.cpp" 
..\src\queue_stack_ex1.cpp: In function 'void card_game()':
..\src\queue_stack_ex1.cpp:39:22: warning: for increment expression has no effect [-Wunused-value]
     for(int j=x;j++;j<=tmp){
                      ^
..\src\queue_stack_ex1.cpp:56:22: warning: for increment expression has no effect [-Wunused-value]
     for(int j=x;j++;j<=top){
                      ^
..\src\queue_stack_ex1.cpp:52:7: warning: unused variable 'y' [-Wunused-variable]
   int y=b.front();
       ^
g++ -o queue_stack_ex1.exe "src\\queue_stack_ex1.o" 
Info: Nothing to build for queue_stack_ex1
23:21:29 **** Incremental Build of configuration Debug for project queue_stack_ex1 ****
Info: Internal Builder is used for build
g++ -O0 -g3 -Wall -c -fmessage-length=0 -o "src\\queue_stack_ex1.o" "..\\src\\queue_stack_ex1.cpp" 
..\src\queue_stack_ex1.cpp: In function 'void card_game()':
..\src\queue_stack_ex1.cpp:39:22: warning: for increment expression has no effect [-Wunused-value]
     for(int j=x;j++;j<=tmp){
                      ^
..\src\queue_stack_ex1.cpp:56:22: warning: for increment expression has no effect [-Wunused-value]
     for(int j=x;j++;j<=top){
                      ^
..\src\queue_stack_ex1.cpp:52:7: warning: unused variable 'y' [-Wunused-variable]
   int y=b.front();
       ^
g++ -o queue_stack_ex1.exe "src\\queue_stack_ex1.o" 
Info: Nothing to build for queue_stack_ex1
Info: Nothing to build for queue_stack_ex1
08:31:42 **** Incremental Build of configuration Debug for project queue_stack_ex1 ****
Info: Internal Builder is used for build
g++ -O0 -g3 -Wall -c -fmessage-length=0 -o "src\\queue_stack_ex1.o" "..\\src\\queue_stack_ex1.cpp" 
..\src\queue_stack_ex1.cpp:15:23: warning: non-static data member initializers only available with -std=c++11 or -std=gnu++11
  int card[10];int top=0;
                       ^
..\src\queue_stack_ex1.cpp:17:1: error: reference to 'stack' is ambiguous
 stack s;
 ^
..\src\queue_stack_ex1.cpp:14:8: note: candidates are: struct stack
 struct stack{
        ^
In file included from c:\mingw\lib\gcc\mingw32\5.3.0\include\c++\stack:61:0,
                 from ..\src\queue_stack_ex1.cpp:10:
c:\mingw\lib\gcc\mingw32\5.3.0\include\c++\bits\stl_stack.h:99:11: note:                 template<class _Tp, class _Sequence> class std::stack
     class stack
           ^
..\src\queue_stack_ex1.cpp: In function 'int a_win(int)':
..\src\queue_stack_ex1.cpp:19:17: error: 's' was not declared in this scope
  for(int i=0;i<=s.top;i++){  //跳几层循环似乎难以确定，算法书上是直接把这个方法提出去了break只能跳出一个循环，因此需要跳出多个循环时，可以使用布尔量
                 ^
..\src\queue_stack_ex1.cpp: In function 'int b_win(int)':
..\src\queue_stack_ex1.cpp:29:17: error: 's' was not declared in this scope
  for(int i=0;i<=s.top;i++){  //跳几层循环似乎难以确定，算法书上是直接把这个方法提出去了break只能跳出一个循环，因此需要跳出多个循环时，可以使用布尔量
                 ^
..\src\queue_stack_ex1.cpp: In function 'void card_game()':
..\src\queue_stack_ex1.cpp:63:14: error: 's' was not declared in this scope
    for(int j=s.top;j>=mm;j--){
              ^
..\src\queue_stack_ex1.cpp:69:4: error: 's' was not declared in this scope
    s.top++;
    ^
..\src\queue_stack_ex1.cpp:76:14: error: 's' was not declared in this scope
    for(int j=s.top;j>=nn;j--){
              ^
..\src\queue_stack_ex1.cpp:82:4: error: 's' was not declared in this scope
    s.top++;
    ^
Info: Nothing to build for basic_exercise
08:32:39 **** Incremental Build of configuration Debug for project queue_stack_ex1 ****
Info: Internal Builder is used for build
g++ -O0 -g3 -Wall -c -fmessage-length=0 -o "src\\queue_stack_ex1.o" "..\\src\\queue_stack_ex1.cpp" 
..\src\queue_stack_ex1.cpp:15:23: warning: non-static data member initializers only available with -std=c++11 or -std=gnu++11
  int card[10];int top=0;
                       ^
g++ -o queue_stack_ex1.exe "src\\queue_stack_ex1.o" 
Info: Nothing to build for queue_stack_ex1
Info: Nothing to build for queue_stack_ex1
10:42:26 **** Rebuild of configuration Debug for project queue_stack_ex1 ****
Info: Internal Builder is used for build
g++ -O0 -g3 -Wall -c -fmessage-length=0 -o "src\\queue_stack_ex1.o" "..\\src\\queue_stack_ex1.cpp" 
..\src\queue_stack_ex1.cpp:19:23: warning: non-static data member initializers only available with -std=c++11 or -std=gnu++11
  int card[10];int top=0;
                       ^
g++ -o queue_stack_ex1.exe "src\\queue_stack_ex1.o" 
Info: Nothing to build for queue_stack_ex1
10:43:26 **** Rebuild of configuration Debug for project basic_exercise ****
Info: Internal Builder is used for build
g++ -O0 -g3 -Wall -c -fmessage-length=0 -o "src\\basic_exercise.o" "..\\src\\basic_exercise.cpp" 
..\src\basic_exercise.cpp: In function 'void quicksort(int*, int, int)':
..\src\basic_exercise.cpp:26:11: warning: suggest parentheses around comparison in operand of '&' [-Wparentheses]
    if(a[x]<a[j+x]&a[0]>a[j+x+1]){
           ^
..\src\basic_exercise.cpp:24:7: warning: unused variable 'tmp' [-Wunused-variable]
   int tmp=a[x];
       ^
g++ -o basic_exercise.exe "src\\basic_exercise.o" 
10:43:51 **** Incremental Build of configuration Debug for project basic_exercise ****
Info: Internal Builder is used for build
g++ -O0 -g3 -Wall -c -fmessage-length=0 -o "src\\basic_exercise.o" "..\\src\\basic_exercise.cpp" 
..\src\basic_exercise.cpp: In function 'void quicksort(int*, int, int)':
..\src\basic_exercise.cpp:26:11: warning: suggest parentheses around comparison in operand of '&' [-Wparentheses]
    if(a[x]<a[j+x]&a[0]>a[j+x+1]){
           ^
..\src\basic_exercise.cpp:24:7: warning: unused variable 'tmp' [-Wunused-variable]
   int tmp=a[x];
       ^
g++ -o basic_exercise.exe "src\\basic_exercise.o" 
Info: Nothing to build for basic_exercise
Info: Nothing to build for basic_exercise
10:47:22 **** Incremental Build of configuration Debug for project basic_exercise ****
Info: Internal Builder is used for build
g++ -O0 -g3 -Wall -c -fmessage-length=0 -o "src\\basic_exercise.o" "..\\src\\basic_exercise.cpp" 
..\src\basic_exercise.cpp: In function 'void quicksort(int*, int, int)':
..\src\basic_exercise.cpp:25:11: warning: suggest parentheses around comparison in operand of '&' [-Wparentheses]
    if(a[x]<a[j+x]&a[0]>a[j+x+1]){
           ^
g++ -o basic_exercise.exe "src\\basic_exercise.o" 
10:49:36 **** Incremental Build of configuration Debug for project basic_exercise ****
Info: Internal Builder is used for build
g++ -O0 -g3 -Wall -c -fmessage-length=0 -o "src\\basic_exercise.o" "..\\src\\basic_exercise.cpp" 
..\src\basic_exercise.cpp: In function 'void quicksort(int*, int, int)':
..\src\basic_exercise.cpp:26:11: warning: suggest parentheses around comparison in operand of '&' [-Wparentheses]
    if(a[x]<a[j+x]&a[x]>a[j+x+1]){
           ^
..\src\basic_exercise.cpp:23:6: warning: unused variable 'tmp' [-Wunused-variable]
  int tmp=a[x];
      ^
g++ -o basic_exercise.exe "src\\basic_exercise.o" 
10:54:23 **** Incremental Build of configuration Debug for project basic_exercise ****
Info: Internal Builder is used for build
g++ -O0 -g3 -Wall -c -fmessage-length=0 -o "src\\basic_exercise.o" "..\\src\\basic_exercise.cpp" 
..\src\basic_exercise.cpp: In function 'void quicksort(int*, int, int)':
..\src\basic_exercise.cpp:23:6: warning: unused variable 'tmp' [-Wunused-variable]
  int tmp=a[x];
      ^
g++ -o basic_exercise.exe "src\\basic_exercise.o" 
10:54:52 **** Incremental Build of configuration Debug for project basic_exercise ****
Info: Internal Builder is used for build
g++ -O0 -g3 -Wall -c -fmessage-length=0 -o "src\\basic_exercise.o" "..\\src\\basic_exercise.cpp" 
..\src\basic_exercise.cpp: In function 'void quicksort(int*, int, int)':
..\src\basic_exercise.cpp:23:6: warning: unused variable 'tmp' [-Wunused-variable]
  int tmp=a[x];
      ^
g++ -o basic_exercise.exe "src\\basic_exercise.o" 
10:55:41 **** Incremental Build of configuration Debug for project basic_exercise ****
Info: Internal Builder is used for build
g++ -O0 -g3 -Wall -c -fmessage-length=0 -o "src\\basic_exercise.o" "..\\src\\basic_exercise.cpp" 
..\src\basic_exercise.cpp: In function 'void quicksort(int*, int, int)':
..\src\basic_exercise.cpp:23:6: warning: unused variable 'tmp' [-Wunused-variable]
  int tmp=a[x];
      ^
g++ -o basic_exercise.exe "src\\basic_exercise.o" 
10:58:41 **** Incremental Build of configuration Debug for project basic_exercise ****
Info: Internal Builder is used for build
g++ -O0 -g3 -Wall -c -fmessage-length=0 -o "src\\basic_exercise.o" "..\\src\\basic_exercise.cpp" 
..\src\basic_exercise.cpp: In function 'void quicksort(int*, int, int)':
..\src\basic_exercise.cpp:23:6: warning: unused variable 'tmp' [-Wunused-variable]
  int tmp=a[x];
      ^
g++ -o basic_exercise.exe "src\\basic_exercise.o" 
11:00:18 **** Incremental Build of configuration Debug for project basic_exercise ****
Info: Internal Builder is used for build
g++ -O0 -g3 -Wall -c -fmessage-length=0 -o "src\\basic_exercise.o" "..\\src\\basic_exercise.cpp" 
g++ -o basic_exercise.exe "src\\basic_exercise.o" 
11:05:03 **** Incremental Build of configuration Debug for project basic_exercise ****
Info: Internal Builder is used for build
g++ -O0 -g3 -Wall -c -fmessage-length=0 -o "src\\basic_exercise.o" "..\\src\\basic_exercise.cpp" 
g++ -o basic_exercise.exe "src\\basic_exercise.o" 
11:06:41 **** Incremental Build of configuration Debug for project basic_exercise ****
Info: Internal Builder is used for build
g++ -O0 -g3 -Wall -c -fmessage-length=0 -o "src\\basic_exercise.o" "..\\src\\basic_exercise.cpp" 
g++ -o basic_exercise.exe "src\\basic_exercise.o" 
11:06:57 **** Incremental Build of configuration Debug for project basic_exercise ****
Info: Internal Builder is used for build
g++ -O0 -g3 -Wall -c -fmessage-length=0 -o "src\\basic_exercise.o" "..\\src\\basic_exercise.cpp" 
g++ -o basic_exercise.exe "src\\basic_exercise.o" 
11:07:11 **** Incremental Build of configuration Debug for project basic_exercise ****
Info: Internal Builder is used for build
g++ -O0 -g3 -Wall -c -fmessage-length=0 -o "src\\basic_exercise.o" "..\\src\\basic_exercise.cpp" 
g++ -o basic_exercise.exe "src\\basic_exercise.o" 
21:22:41 **** Incremental Build of configuration Debug for project basic_exercise ****
Info: Internal Builder is used for build
g++ -O0 -g3 -Wall -c -fmessage-length=0 -o "src\\basic_exercise.o" "..\\src\\basic_exercise.cpp" 
g++ -o basic_exercise.exe "src\\basic_exercise.o" 
21:23:24 **** Incremental Build of configuration Debug for project basic_exercise ****
Info: Internal Builder is used for build
g++ -O0 -g3 -Wall -c -fmessage-length=0 -o "src\\basic_exercise.o" "..\\src\\basic_exercise.cpp" 
g++ -o basic_exercise.exe "src\\basic_exercise.o" 
Info: Nothing to build for basic_exercise
Info: Nothing to build for queue_stack_ex1
Info: Nothing to build for basic_exercise
21:24:33 **** Incremental Build of configuration Debug for project basic_exercise ****
Info: Internal Builder is used for build
g++ -O0 -g3 -Wall -c -fmessage-length=0 -o "src\\basic_exercise.o" "..\\src\\basic_exercise.cpp" 
g++ -o basic_exercise.exe "src\\basic_exercise.o" 
21:25:39 **** Incremental Build of configuration Debug for project basic_exercise ****
Info: Internal Builder is used for build
g++ -O0 -g3 -Wall -c -fmessage-length=0 -o "src\\basic_exercise.o" "..\\src\\basic_exercise.cpp" 
g++ -o basic_exercise.exe "src\\basic_exercise.o" 
Info: Nothing to build for basic_exercise
22:13:15 **** Rebuild of configuration Debug for project model_chain ****
Info: Internal Builder is used for build
g++ -O0 -g3 -Wall -c -fmessage-length=0 -o "src\\model_chain.o" "..\\src\\model_chain.cpp" 
g++ -o model_chain.exe "src\\model_chain.o" 
Info: Nothing to build for queue_stack_ex1
Info: Nothing to build for model_chain
Info: Nothing to build for model_chain
Info: Nothing to build for model_chain
Info: Nothing to build for model_chain
10:25:58 **** Rebuild of configuration Debug for project OJ_ant ****
Info: Internal Builder is used for build
g++ -O0 -g3 -Wall -c -fmessage-length=0 -o "src\\OJ_ant.o" "..\\src\\OJ_ant.cpp" 
..\src\OJ_ant.cpp:13:12: error: array bound is not an integer constant before ']' token
 int x[MAX_N];
            ^
..\src\OJ_ant.cpp: In function 'void solve()':
..\src\OJ_ant.cpp:19:21: error: 'x' was not declared in this scope
   minT=max(minT,min(x[i],L-x[i]));//得到最大，最小值
                     ^
..\src\OJ_ant.cpp:23:21: error: 'x' was not declared in this scope
   maxT=max(maxT,max(x[i],L-x[i]));
                     ^
Info: Nothing to build for basic_exercise
10:26:00 **** Incremental Build of configuration Debug for project model_chain ****
Info: Internal Builder is used for build
g++ -O0 -g3 -Wall -c -fmessage-length=0 -o "src\\model_chain.o" "..\\src\\model_chain.cpp" 
g++ -o model_chain.exe "src\\model_chain.o" 
Info: Nothing to build for queue_stack_ex1
10:28:28 **** Incremental Build of configuration Debug for project OJ_ant ****
Info: Internal Builder is used for build
g++ -O0 -g3 -Wall -c -fmessage-length=0 -o "src\\OJ_ant.o" "..\\src\\OJ_ant.cpp" 
..\src\OJ_ant.cpp: In function 'void solve()':
..\src\OJ_ant.cpp:19:18: warning: format '%d' expects argument of type 'int*', but argument 2 has type 'int' [-Wformat=]
   scanf("%d",x[i]);
                  ^
g++ -o OJ_ant.exe "src\\OJ_ant.o" 
Info: Nothing to build for basic_exercise
Info: Nothing to build for model_chain
Info: Nothing to build for queue_stack_ex1
Info: Nothing to build for OJ_ant
10:29:00 **** Incremental Build of configuration Debug for project OJ_ant ****
Info: Internal Builder is used for build
g++ -O0 -g3 -Wall -c -fmessage-length=0 -o "src\\OJ_ant.o" "..\\src\\OJ_ant.cpp" 
..\src\OJ_ant.cpp: In function 'void solve()':
..\src\OJ_ant.cpp:19:18: warning: format '%d' expects argument of type 'int*', but argument 2 has type 'int' [-Wformat=]
   scanf("%d",x[i]);
                  ^
g++ -o OJ_ant.exe "src\\OJ_ant.o" 
10:29:31 **** Incremental Build of configuration Debug for project OJ_ant ****
Info: Internal Builder is used for build
g++ -O0 -g3 -Wall -c -fmessage-length=0 -o "src\\OJ_ant.o" "..\\src\\OJ_ant.cpp" 
g++ -o OJ_ant.exe "src\\OJ_ant.o" 
